<?xml version="1.0" encoding="UTF-8"?>
<!-- Generated by org.testng.reporters.JUnitReportReporter -->
<testsuite hostname="CBIT01580.local" failures="0" tests="1" name="test.java.TestL" time="1.006" errors="0" timestamp="2021-12-29T18:32:06 IST" skipped="0">
  <testcase classname="test.java.TestL" name="loginTest1" time="1.006"/>
  <system-out/>
</testsuite> <!-- test.java.TestL -->
